app/build/outputs/logs/manifest-merger-debug-report.txt
-- Merging decision tree log ---
manifest
ADDED from src/main/AndroidManifest.xml:2:1-89:12
INJECTED from src/main/AndroidManifest.xml:2:1-89:12
INJECTED from src/main/AndroidManifest.xml:2:1-89:12
INJECTED from src/main/AndroidManifest.xml:2:1-89:12
MERGED from [com.android.support:multidex:1.0.3] AndroidManifest.xml:17:1-22:12
MERGED from [com.android.support:design:28.0.0] AndroidManifest.xml:17:1-24:12
MERGED from [com.android.support:appcompat-v7:28.0.0] AndroidManifest.xml:17:1-22:12
MERGED from [com.android.support.constraint:constraint-layout:1.1.3] AndroidManifest.xml:2:1-11:12
MERGED from [com.jakewharton:butterknife:8.8.1] AndroidManifest.xml:2:1-7:12
MERGED from [:qrcode] AndroidManifest.xml:2:1-22:12
MERGED from [com.jakewharton.rxbinding2:rxbinding:2.1.1] AndroidManifest.xml:2:1-8:12
MERGED from [io.reactivex.rxjava2:rxandroid:2.1.0] AndroidManifest.xml:15:1-20:12
MERGED from [com.android.support:support-fragment:28.0.0] AndroidManifest.xml:17:1-22:12
MERGED from [com.android.support:animated-vector-drawable:28.0.0] AndroidManifest.xml:17:1-22:12
MERGED from [com.android.support:recyclerview-v7:28.0.0] AndroidManifest.xml:17:1-22:12
MERGED from [com.android.support:support-core-ui:28.0.0] AndroidManifest.xml:17:1-22:12
MERGED from [com.android.support:support-core-utils:28.0.0] AndroidManifest.xml:17:1-22:12
MERGED from [com.android.support:support-vector-drawable:28.0.0] AndroidManifest.xml:17:1-22:12
MERGED from [com.android.support:transition:28.0.0] AndroidManifest.xml:17:1-22:12
MERGED from [com.android.support:loader:28.0.0] AndroidManifest.xml:17:1-22:12
MERGED from [com.android.support:viewpager:28.0.0] AndroidManifest.xml:17:1-22:12
MERGED from [com.android.support:coordinatorlayout:28.0.0] AndroidManifest.xml:17:1-22:12
MERGED from [com.android.support:drawerlayout:28.0.0] AndroidManifest.xml:17:1-22:12
MERGED from [com.android.support:slidingpanelayout:28.0.0] AndroidManifest.xml:17:1-22:12
MERGED from [com.android.support:customview:28.0.0] AndroidManifest.xml:17:1-22:12
MERGED from [com.android.support:swiperefreshlayout:28.0.0] AndroidManifest.xml:17:1-22:12
MERGED from [com.android.support:asynclayoutinflater:28.0.0] AndroidManifest.xml:17:1-22:12
MERGED from [com.android.support:support-compat:28.0.0] AndroidManifest.xml:17:1-24:12
MERGED from [com.android.support:versionedparcelable:28.0.0] AndroidManifest.xml:17:1-25:12
MERGED from [com.android.support:cursoradapter:28.0.0] AndroidManifest.xml:17:1-22:12
MERGED from [com.android.support:cardview-v7:28.0.0] AndroidManifest.xml:17:1-22:12
MERGED from [com.android.support:documentfile:28.0.0] AndroidManifest.xml:17:1-22:12
MERGED from [com.android.support:localbroadcastmanager:28.0.0] AndroidManifest.xml:17:1-22:12
MERGED from [com.android.support:print:28.0.0] AndroidManifest.xml:17:1-22:12
MERGED from [android.arch.lifecycle:viewmodel:1.1.1] AndroidManifest.xml:17:1-22:12
MERGED from [com.android.support:interpolator:28.0.0] AndroidManifest.xml:17:1-22:12
MERGED from [android.arch.lifecycle:livedata:1.1.1] AndroidManifest.xml:17:1-22:12
MERGED from [android.arch.lifecycle:livedata-core:1.1.1] AndroidManifest.xml:17:1-22:12
MERGED from [android.arch.core:runtime:1.1.1] AndroidManifest.xml:17:1-22:12
MERGED from [android.arch.lifecycle:runtime:1.1.1] AndroidManifest.xml:17:1-22:12
INJECTED from src/main/AndroidManifest.xml:2:1-89:12
INJECTED from src/main/AndroidManifest.xml:2:1-89:12
INJECTED from src/main/AndroidManifest.xml:2:1-89:12
	package
		ADDED from src/main/AndroidManifest.xml:3:58-85
		INJECTED from src/main/AndroidManifest.xml
		INJECTED from src/main/AndroidManifest.xml
	android:versionName
		INJECTED from src/main/AndroidManifest.xml
		ADDED from src/main/AndroidManifest.xml:2:1-89:12
		INJECTED from src/main/AndroidManifest.xml
	xmlns:tools
		ADDED from src/main/AndroidManifest.xml:3:11-57
	android:versionCode
		INJECTED from src/main/AndroidManifest.xml
		ADDED from src/main/AndroidManifest.xml:2:1-89:12
		INJECTED from src/main/AndroidManifest.xml
	xmlns:android
		ADDED from src/main/AndroidManifest.xml:2:11-69
uses-permission#android.permission.ACCESS_NETWORK_STATE
ADDED from src/main/AndroidManifest.xml:5:5-78
	android:name
		ADDED from src/main/AndroidManifest.xml:5:22-76
uses-permission#android.permission.ACCESS_WIFI_STATE
ADDED from src/main/AndroidManifest.xml:6:5-75
	android:name
		ADDED from src/main/AndroidManifest.xml:6:22-73
uses-permission#android.permission.INTERNET
ADDED from src/main/AndroidManifest.xml:7:5-66
	android:name
		ADDED from src/main/AndroidManifest.xml:7:22-64
uses-permission#android.permission.WRITE_EXTERNAL_STORAGE
ADDED from src/main/AndroidManifest.xml:8:5-80
	android:name
		ADDED from src/main/AndroidManifest.xml:8:22-78
uses-permission#android.permission.CAMERA
ADDED from src/main/AndroidManifest.xml:9:5-64
MERGED from [:qrcode] AndroidManifest.xml:11:5-65
MERGED from [:qrcode] AndroidManifest.xml:11:5-65
	android:name
		ADDED from src/main/AndroidManifest.xml:9:22-62
uses-permission#android.permission.READ_EXTERNAL_STORAGE
ADDED from src/main/AndroidManifest.xml:10:5-79
	android:name
		ADDED from src/main/AndroidManifest.xml:10:22-77
application
ADDED from src/main/AndroidManifest.xml:11:5-87:19
MERGED from [com.android.support:design:28.0.0] AndroidManifest.xml:22:5-20
MERGED from [com.android.support:design:28.0.0] AndroidManifest.xml:22:5-20
MERGED from [com.android.support.constraint:constraint-layout:1.1.3] AndroidManifest.xml:9:5-20
MERGED from [com.android.support.constraint:constraint-layout:1.1.3] AndroidManifest.xml:9:5-20
MERGED from [:qrcode] AndroidManifest.xml:14:5-20:19
MERGED from [:qrcode] AndroidManifest.xml:14:5-20:19
MERGED from [com.android.support:support-compat:28.0.0] AndroidManifest.xml:22:5-94
MERGED from [com.android.support:support-compat:28.0.0] AndroidManifest.xml:22:5-94
MERGED from [com.android.support:versionedparcelable:28.0.0] AndroidManifest.xml:22:5-23:19
MERGED from [com.android.support:versionedparcelable:28.0.0] AndroidManifest.xml:22:5-23:19
	android:appComponentFactory
		ADDED from [com.android.support:support-compat:28.0.0] AndroidManifest.xml:22:18-91
	android:supportsRtl
		ADDED from src/main/AndroidManifest.xml:19:13-39
	android:label
		ADDED from src/main/AndroidManifest.xml:16:13-45
	android:hardwareAccelerated
		ADDED from src/main/AndroidManifest.xml:15:13-48
	tools:ignore
		ADDED from src/main/AndroidManifest.xml:21:13-52
	android:roundIcon
		ADDED from src/main/AndroidManifest.xml:18:13-58
	android:largeHeap
		ADDED from src/main/AndroidManifest.xml:17:13-37
	android:icon
		ADDED from src/main/AndroidManifest.xml:14:13-47
	android:allowBackup
		ADDED from src/main/AndroidManifest.xml:13:13-39
	android:theme
		ADDED from src/main/AndroidManifest.xml:20:13-44
	android:name
		ADDED from src/main/AndroidManifest.xml:12:13-49
activity#io.bcaas.exchange.ui.activity.BrandActivity
ADDED from src/main/AndroidManifest.xml:22:9-29:20
	android:screenOrientation
		ADDED from src/main/AndroidManifest.xml:23:19-55
	android:windowSoftInputMode
		ADDED from src/main/AndroidManifest.xml:24:19-73
	android:name
		ADDED from src/main/AndroidManifest.xml:22:19-60
intent-filter#action:name:android.intent.action.MAIN+category:name:android.intent.category.LAUNCHER
ADDED from src/main/AndroidManifest.xml:25:13-28:29
action#android.intent.action.MAIN
ADDED from src/main/AndroidManifest.xml:26:17-68
	android:name
		ADDED from src/main/AndroidManifest.xml:26:25-66
category#android.intent.category.LAUNCHER
ADDED from src/main/AndroidManifest.xml:27:17-76
	android:name
		ADDED from src/main/AndroidManifest.xml:27:27-74
activity#io.bcaas.exchange.ui.activity.LoginActivity
ADDED from src/main/AndroidManifest.xml:30:9-33:75
	android:screenOrientation
		ADDED from src/main/AndroidManifest.xml:31:19-55
	android:launchMode
		ADDED from src/main/AndroidManifest.xml:32:19-50
	android:windowSoftInputMode
		ADDED from src/main/AndroidManifest.xml:33:19-73
	android:name
		ADDED from src/main/AndroidManifest.xml:30:19-60
activity#io.bcaas.exchange.ui.activity.ResetPasswordActivity
ADDED from src/main/AndroidManifest.xml:35:9-38:75
	android:screenOrientation
		ADDED from src/main/AndroidManifest.xml:37:19-55
	android:launchMode
		ADDED from src/main/AndroidManifest.xml:36:19-50
	android:windowSoftInputMode
		ADDED from src/main/AndroidManifest.xml:38:19-73
	android:name
		ADDED from src/main/AndroidManifest.xml:35:19-68
activity#io.bcaas.exchange.ui.activity.RegisterActivity
ADDED from src/main/AndroidManifest.xml:40:9-43:75
	android:screenOrientation
		ADDED from src/main/AndroidManifest.xml:42:19-55
	android:launchMode
		ADDED from src/main/AndroidManifest.xml:41:19-50
	android:windowSoftInputMode
		ADDED from src/main/AndroidManifest.xml:43:19-73
	android:name
		ADDED from src/main/AndroidManifest.xml:40:19-63
activity#io.bcaas.exchange.ui.activity.BuyDetailActivity
ADDED from src/main/AndroidManifest.xml:45:9-48:75
	android:screenOrientation
		ADDED from src/main/AndroidManifest.xml:47:19-55
	android:launchMode
		ADDED from src/main/AndroidManifest.xml:46:19-50
	android:windowSoftInputMode
		ADDED from src/main/AndroidManifest.xml:48:19-73
	android:name
		ADDED from src/main/AndroidManifest.xml:45:19-64
activity#io.bcaas.exchange.ui.activity.SellDetailActivity
ADDED from src/main/AndroidManifest.xml:50:9-53:75
	android:screenOrientation
		ADDED from src/main/AndroidManifest.xml:52:19-55
	android:launchMode
		ADDED from src/main/AndroidManifest.xml:51:19-50
	android:windowSoftInputMode
		ADDED from src/main/AndroidManifest.xml:53:19-73
	android:name
		ADDED from src/main/AndroidManifest.xml:50:19-65
activity#io.bcaas.exchange.ui.activity.MyFundActivity
ADDED from src/main/AndroidManifest.xml:55:9-58:75
	android:screenOrientation
		ADDED from src/main/AndroidManifest.xml:57:19-55
	android:launchMode
		ADDED from src/main/AndroidManifest.xml:56:19-50
	android:windowSoftInputMode
		ADDED from src/main/AndroidManifest.xml:58:19-73
	android:name
		ADDED from src/main/AndroidManifest.xml:55:19-61
activity#io.bcaas.exchange.ui.activity.WithDrawActivity
ADDED from src/main/AndroidManifest.xml:60:9-63:75
	android:screenOrientation
		ADDED from src/main/AndroidManifest.xml:62:19-55
	android:launchMode
		ADDED from src/main/AndroidManifest.xml:61:19-50
	android:windowSoftInputMode
		ADDED from src/main/AndroidManifest.xml:63:19-73
	android:name
		ADDED from src/main/AndroidManifest.xml:60:19-63
activity#io.bcaas.exchange.ui.activity.RechargeActivity
ADDED from src/main/AndroidManifest.xml:65:9-68:75
	android:screenOrientation
		ADDED from src/main/AndroidManifest.xml:66:19-55
	android:launchMode
		ADDED from src/main/AndroidManifest.xml:67:19-50
	android:windowSoftInputMode
		ADDED from src/main/AndroidManifest.xml:68:19-73
	android:name
		ADDED from src/main/AndroidManifest.xml:65:19-63
activity#io.bcaas.exchange.ui.activity.SafetyCenterActivity
ADDED from src/main/AndroidManifest.xml:70:9-73:75
	android:screenOrientation
		ADDED from src/main/AndroidManifest.xml:71:19-55
	android:launchMode
		ADDED from src/main/AndroidManifest.xml:72:19-50
	android:windowSoftInputMode
		ADDED from src/main/AndroidManifest.xml:73:19-73
	android:name
		ADDED from src/main/AndroidManifest.xml:70:19-67
activity#io.bcaas.exchange.ui.activity.MainActivity
ADDED from src/main/AndroidManifest.xml:75:9-61
	android:name
		ADDED from src/main/AndroidManifest.xml:75:19-59
provider#android.support.v4.content.FileProvider
ADDED from src/main/AndroidManifest.xml:78:9-86:20
	android:grantUriPermissions
		ADDED from src/main/AndroidManifest.xml:82:17-51
	android:authorities
		ADDED from src/main/AndroidManifest.xml:80:17-69
	android:exported
		ADDED from src/main/AndroidManifest.xml:81:17-41
	android:name
		ADDED from src/main/AndroidManifest.xml:79:17-71
meta-data#android.support.FILE_PROVIDER_PATHS
ADDED from src/main/AndroidManifest.xml:83:13-85:57
	android:resource
		ADDED from src/main/AndroidManifest.xml:85:21-55
	android:name
		ADDED from src/main/AndroidManifest.xml:84:21-71
uses-sdk
INJECTED from src/main/AndroidManifest.xml reason: use-sdk injection requested
INJECTED from src/main/AndroidManifest.xml
INJECTED from src/main/AndroidManifest.xml
MERGED from [com.android.support:multidex:1.0.3] AndroidManifest.xml:20:5-43
MERGED from [com.android.support:multidex:1.0.3] AndroidManifest.xml:20:5-43
MERGED from [com.android.support:design:28.0.0] AndroidManifest.xml:20:5-44
MERGED from [com.android.support:design:28.0.0] AndroidManifest.xml:20:5-44
MERGED from [com.android.support:appcompat-v7:28.0.0] AndroidManifest.xml:20:5-44
MERGED from [com.android.support:appcompat-v7:28.0.0] AndroidManifest.xml:20:5-44
MERGED from [com.android.support.constraint:constraint-layout:1.1.3] AndroidManifest.xml:5:5-7:41
MERGED from [com.android.support.constraint:constraint-layout:1.1.3] AndroidManifest.xml:5:5-7:41
MERGED from [com.jakewharton:butterknife:8.8.1] AndroidManifest.xml:5:5-43
MERGED from [com.jakewharton:butterknife:8.8.1] AndroidManifest.xml:5:5-43
MERGED from [:qrcode] AndroidManifest.xml:7:5-9:41
MERGED from [:qrcode] AndroidManifest.xml:7:5-9:41
MERGED from [com.jakewharton.rxbinding2:rxbinding:2.1.1] AndroidManifest.xml:6:5-44
MERGED from [com.jakewharton.rxbinding2:rxbinding:2.1.1] AndroidManifest.xml:6:5-44
MERGED from [io.reactivex.rxjava2:rxandroid:2.1.0] AndroidManifest.xml:18:5-43
MERGED from [io.reactivex.rxjava2:rxandroid:2.1.0] AndroidManifest.xml:18:5-43
MERGED from [com.android.support:support-fragment:28.0.0] AndroidManifest.xml:20:5-44
MERGED from [com.android.support:support-fragment:28.0.0] AndroidManifest.xml:20:5-44
MERGED from [com.android.support:animated-vector-drawable:28.0.0] AndroidManifest.xml:20:5-44
MERGED from [com.android.support:animated-vector-drawable:28.0.0] AndroidManifest.xml:20:5-44
MERGED from [com.android.support:recyclerview-v7:28.0.0] AndroidManifest.xml:20:5-44
MERGED from [com.android.support:recyclerview-v7:28.0.0] AndroidManifest.xml:20:5-44
MERGED from [com.android.support:support-core-ui:28.0.0] AndroidManifest.xml:20:5-44
MERGED from [com.android.support:support-core-ui:28.0.0] AndroidManifest.xml:20:5-44
MERGED from [com.android.support:support-core-utils:28.0.0] AndroidManifest.xml:20:5-44
MERGED from [com.android.support:support-core-utils:28.0.0] AndroidManifest.xml:20:5-44
MERGED from [com.android.support:support-vector-drawable:28.0.0] AndroidManifest.xml:20:5-44
MERGED from [com.android.support:support-vector-drawable:28.0.0] AndroidManifest.xml:20:5-44
MERGED from [com.android.support:transition:28.0.0] AndroidManifest.xml:20:5-44
MERGED from [com.android.support:transition:28.0.0] AndroidManifest.xml:20:5-44
MERGED from [com.android.support:loader:28.0.0] AndroidManifest.xml:20:5-44
MERGED from [com.android.support:loader:28.0.0] AndroidManifest.xml:20:5-44
MERGED from [com.android.support:viewpager:28.0.0] AndroidManifest.xml:20:5-44
MERGED from [com.android.support:viewpager:28.0.0] AndroidManifest.xml:20:5-44
MERGED from [com.android.support:coordinatorlayout:28.0.0] AndroidManifest.xml:20:5-44
MERGED from [com.android.support:coordinatorlayout:28.0.0] AndroidManifest.xml:20:5-44
MERGED from [com.android.support:drawerlayout:28.0.0] AndroidManifest.xml:20:5-44
MERGED from [com.android.support:drawerlayout:28.0.0] AndroidManifest.xml:20:5-44
MERGED from [com.android.support:slidingpanelayout:28.0.0] AndroidManifest.xml:20:5-44
MERGED from [com.android.support:slidingpanelayout:28.0.0] AndroidManifest.xml:20:5-44
MERGED from [com.android.support:customview:28.0.0] AndroidManifest.xml:20:5-44
MERGED from [com.android.support:customview:28.0.0] AndroidManifest.xml:20:5-44
MERGED from [com.android.support:swiperefreshlayout:28.0.0] AndroidManifest.xml:20:5-44
MERGED from [com.android.support:swiperefreshlayout:28.0.0] AndroidManifest.xml:20:5-44
MERGED from [com.android.support:asynclayoutinflater:28.0.0] AndroidManifest.xml:20:5-44
MERGED from [com.android.support:asynclayoutinflater:28.0.0] AndroidManifest.xml:20:5-44
MERGED from [com.android.support:support-compat:28.0.0] AndroidManifest.xml:20:5-44
MERGED from [com.android.support:support-compat:28.0.0] AndroidManifest.xml:20:5-44
MERGED from [com.android.support:versionedparcelable:28.0.0] AndroidManifest.xml:20:5-44
MERGED from [com.android.support:versionedparcelable:28.0.0] AndroidManifest.xml:20:5-44
MERGED from [com.android.support:cursoradapter:28.0.0] AndroidManifest.xml:20:5-44
MERGED from [com.android.support:cursoradapter:28.0.0] AndroidManifest.xml:20:5-44
MERGED from [com.android.support:cardview-v7:28.0.0] AndroidManifest.xml:20:5-44
MERGED from [com.android.support:cardview-v7:28.0.0] AndroidManifest.xml:20:5-44
MERGED from [com.android.support:documentfile:28.0.0] AndroidManifest.xml:20:5-44
MERGED from [com.android.support:documentfile:28.0.0] AndroidManifest.xml:20:5-44
MERGED from [com.android.support:localbroadcastmanager:28.0.0] AndroidManifest.xml:20:5-44
MERGED from [com.android.support:localbroadcastmanager:28.0.0] AndroidManifest.xml:20:5-44
MERGED from [com.android.support:print:28.0.0] AndroidManifest.xml:20:5-44
MERGED from [com.android.support:print:28.0.0] AndroidManifest.xml:20:5-44
MERGED from [android.arch.lifecycle:viewmodel:1.1.1] AndroidManifest.xml:20:5-44
MERGED from [android.arch.lifecycle:viewmodel:1.1.1] AndroidManifest.xml:20:5-44
MERGED from [com.android.support:interpolator:28.0.0] AndroidManifest.xml:20:5-44
MERGED from [com.android.support:interpolator:28.0.0] AndroidManifest.xml:20:5-44
MERGED from [android.arch.lifecycle:livedata:1.1.1] AndroidManifest.xml:20:5-44
MERGED from [android.arch.lifecycle:livedata:1.1.1] AndroidManifest.xml:20:5-44
MERGED from [android.arch.lifecycle:livedata-core:1.1.1] AndroidManifest.xml:20:5-44
MERGED from [android.arch.lifecycle:livedata-core:1.1.1] AndroidManifest.xml:20:5-44
MERGED from [android.arch.core:runtime:1.1.1] AndroidManifest.xml:20:5-44
MERGED from [android.arch.core:runtime:1.1.1] AndroidManifest.xml:20:5-44
MERGED from [android.arch.lifecycle:runtime:1.1.1] AndroidManifest.xml:20:5-44
MERGED from [android.arch.lifecycle:runtime:1.1.1] AndroidManifest.xml:20:5-44
INJECTED from src/main/AndroidManifest.xml
INJECTED from src/main/AndroidManifest.xml
	android:targetSdkVersion
		INJECTED from src/main/AndroidManifest.xml
		ADDED from src/main/AndroidManifest.xml
		INJECTED from src/main/AndroidManifest.xml
	android:minSdkVersion
		INJECTED from src/main/AndroidManifest.xml
		ADDED from src/main/AndroidManifest.xml
		INJECTED from src/main/AndroidManifest.xml
uses-permission#android.permission.VIBRATE
ADDED from [:qrcode] AndroidManifest.xml:12:5-66
	android:name
		ADDED from [:qrcode] AndroidManifest.xml:12:22-63
activity#com.obt.qrcode.activity.CaptureActivity
ADDED from [:qrcode] AndroidManifest.xml:17:9-19:52
	android:screenOrientation
		ADDED from [:qrcode] AndroidManifest.xml:19:13-49
	android:name
		ADDED from [:qrcode] AndroidManifest.xml:18:13-67